<?xml version="1.0" encoding="UTF-8"?>
<!-- Generated by org.testng.reporters.JUnitReportReporter -->
<testsuite hostname="pabi" failures="0" tests="4" name="gbuxssCreation.Tests.SubmitOrderTest" time="40.412" errors="0" timestamp="2022-10-01T17:20:54 CDT" skipped="0">
  <testcase classname="gbuxssCreation.Tests.SubmitOrderTest" name="verifyOrders" time="6.898"/>
  <system-out/>
  <testcase classname="gbuxssCreation.Tests.SubmitOrderTest" name="verifyOrders" time="6.919"/>
  <system-out/>
  <testcase classname="gbuxssCreation.Tests.SubmitOrderTest" name="submitOrder" time="11.645"/>
  <system-out/>
  <testcase classname="gbuxssCreation.Tests.SubmitOrderTest" name="submitOrder" time="14.950"/>
  <system-out/>
</testsuite> <!-- gbuxssCreation.Tests.SubmitOrderTest -->
